0 info it worked if it ends with ok
1 verbose cli [ '/Users/gmacri/.nvm/versions/node/v6.10.0/bin/node',
1 verbose cli   '/Users/gmacri/.nvm/versions/node/v6.10.0/bin/npm',
1 verbose cli   'run',
1 verbose cli   'deploy' ]
2 info using npm@3.10.10
3 info using node@v6.10.0
4 verbose run-script [ 'predeploy', 'deploy', 'postdeploy' ]
5 info lifecycle kepler.gl@0.0.13~predeploy: kepler.gl@0.0.13
6 silly lifecycle kepler.gl@0.0.13~predeploy: no script for predeploy, continuing
7 info lifecycle kepler.gl@0.0.13~deploy: kepler.gl@0.0.13
8 verbose lifecycle kepler.gl@0.0.13~deploy: unsafe-perm in lifecycle true
9 verbose lifecycle kepler.gl@0.0.13~deploy: PATH: /Users/gmacri/.nvm/versions/node/v6.10.0/lib/node_modules/npm/bin/node-gyp-bin:/Users/gmacri/Documents/projects/kepler-github/node_modules/.bin:/Users/gmacri/.rbenv/shims:/Users/gmacri/.nvm/versions/node/v6.10.0/bin:/Users/gmacri/bin:/usr/local/sbin:/usr/local/bin:/usr/local/bin:/usr/bin:/bin:/usr/sbin:/sbin:/usr/local/munki:/opt/X11/bin:/Users/gmacri/gocode/bin
10 verbose lifecycle kepler.gl@0.0.13~deploy: CWD: /Users/gmacri/Documents/projects/kepler-github
11 silly lifecycle kepler.gl@0.0.13~deploy: Args: [ '-c',
11 silly lifecycle   '(cd website && yarn build && git checkout gh-pages && cp dist/* .. && git add .. && git commit -m \'Update website\' && git push origin gh-pages && git checkout master)' ]
12 silly lifecycle kepler.gl@0.0.13~deploy: Returned: code: 1  signal: null
13 info lifecycle kepler.gl@0.0.13~deploy: Failed to exec deploy script
14 verbose stack Error: kepler.gl@0.0.13 deploy: `(cd website && yarn build && git checkout gh-pages && cp dist/* .. && git add .. && git commit -m 'Update website' && git push origin gh-pages && git checkout master)`
14 verbose stack Exit status 1
14 verbose stack     at EventEmitter.<anonymous> (/Users/gmacri/.nvm/versions/node/v6.10.0/lib/node_modules/npm/lib/utils/lifecycle.js:255:16)
14 verbose stack     at emitTwo (events.js:106:13)
14 verbose stack     at EventEmitter.emit (events.js:191:7)
14 verbose stack     at ChildProcess.<anonymous> (/Users/gmacri/.nvm/versions/node/v6.10.0/lib/node_modules/npm/lib/utils/spawn.js:40:14)
14 verbose stack     at emitTwo (events.js:106:13)
14 verbose stack     at ChildProcess.emit (events.js:191:7)
14 verbose stack     at maybeClose (internal/child_process.js:877:16)
14 verbose stack     at Process.ChildProcess._handle.onexit (internal/child_process.js:226:5)
15 verbose pkgid kepler.gl@0.0.13
16 verbose cwd /Users/gmacri/Documents/projects/kepler-github
17 error Darwin 17.3.0
18 error argv "/Users/gmacri/.nvm/versions/node/v6.10.0/bin/node" "/Users/gmacri/.nvm/versions/node/v6.10.0/bin/npm" "run" "deploy"
19 error node v6.10.0
20 error npm  v3.10.10
21 error code ELIFECYCLE
22 error kepler.gl@0.0.13 deploy: `(cd website && yarn build && git checkout gh-pages && cp dist/* .. && git add .. && git commit -m 'Update website' && git push origin gh-pages && git checkout master)`
22 error Exit status 1
23 error Failed at the kepler.gl@0.0.13 deploy script '(cd website && yarn build && git checkout gh-pages && cp dist/* .. && git add .. && git commit -m 'Update website' && git push origin gh-pages && git checkout master)'.
23 error Make sure you have the latest version of node.js and npm installed.
23 error If you do, this is most likely a problem with the kepler.gl package,
23 error not with npm itself.
23 error Tell the author that this fails on your system:
23 error     (cd website && yarn build && git checkout gh-pages && cp dist/* .. && git add .. && git commit -m 'Update website' && git push origin gh-pages && git checkout master)
23 error You can get information on how to open an issue for this project with:
23 error     npm bugs kepler.gl
23 error Or if that isn't available, you can get their info via:
23 error     npm owner ls kepler.gl
23 error There is likely additional logging output above.
24 verbose exit [ 1, true ]
